Apr-01 00:47:16.401 [main] DEBUG nextflow.cli.Launcher - $> nextflow run main.nf
Apr-01 00:47:16.567 [main] DEBUG nextflow.cli.CmdRun - N E X T F L O W  ~  version 24.10.5
Apr-01 00:47:16.595 [main] DEBUG nextflow.plugin.PluginsFacade - Setting up plugin manager > mode=prod; embedded=false; plugins-dir=/home/nolanv/.nextflow/plugins; core-plugins: nf-amazon@2.9.2,nf-azure@1.10.2,nf-cloudcache@0.4.2,nf-codecommit@0.2.2,nf-console@1.1.4,nf-google@1.15.4,nf-tower@1.9.3,nf-wave@1.7.4
Apr-01 00:47:16.615 [main] INFO  o.pf4j.DefaultPluginStatusProvider - Enabled plugins: []
Apr-01 00:47:16.617 [main] INFO  o.pf4j.DefaultPluginStatusProvider - Disabled plugins: []
Apr-01 00:47:16.621 [main] INFO  org.pf4j.DefaultPluginManager - PF4J version 3.12.0 in 'deployment' mode
Apr-01 00:47:16.639 [main] INFO  org.pf4j.AbstractPluginManager - No plugins
Apr-01 00:47:16.670 [main] DEBUG nextflow.config.ConfigBuilder - Found config local: /mnt/VEIL/users/nolanv/pipeline_project/VasilVEILPipeline/nextflow.config
Apr-01 00:47:16.674 [main] DEBUG nextflow.config.ConfigBuilder - Parsing config file: /mnt/VEIL/users/nolanv/pipeline_project/VasilVEILPipeline/nextflow.config
Apr-01 00:47:16.716 [main] DEBUG n.secret.LocalSecretsProvider - Secrets store: /home/nolanv/.nextflow/secrets/store.json
Apr-01 00:47:16.720 [main] DEBUG nextflow.secret.SecretsLoader - Discovered secrets providers: [nextflow.secret.LocalSecretsProvider@111610e6] - activable => nextflow.secret.LocalSecretsProvider@111610e6
Apr-01 00:47:16.730 [main] DEBUG nextflow.config.ConfigBuilder - Applying config profile: `standard`
Apr-01 00:47:17.472 [main] DEBUG nextflow.cli.CmdRun - Applied DSL=2 from script declaration
Apr-01 00:47:17.498 [main] DEBUG nextflow.cli.CmdRun - Launching `main.nf` [romantic_shockley] DSL2 - revision: c71f21d66a
Apr-01 00:47:17.501 [main] DEBUG nextflow.plugin.PluginsFacade - Plugins default=[]
Apr-01 00:47:17.502 [main] DEBUG nextflow.plugin.PluginsFacade - Plugins resolved requirement=[]
Apr-01 00:47:17.597 [main] DEBUG nextflow.Session - Session UUID: 5ff4b2c6-6874-4301-9f0d-6cfc22894502
Apr-01 00:47:17.598 [main] DEBUG nextflow.Session - Run name: romantic_shockley
Apr-01 00:47:17.599 [main] DEBUG nextflow.Session - Executor pool size: 4
Apr-01 00:47:17.615 [main] DEBUG nextflow.file.FilePorter - File porter settings maxRetries=3; maxTransfers=50; pollTimeout=null
Apr-01 00:47:17.626 [main] DEBUG nextflow.util.ThreadPoolBuilder - Creating thread pool 'FileTransfer' minSize=10; maxSize=12; workQueue=LinkedBlockingQueue[-1]; allowCoreThreadTimeout=false
Apr-01 00:47:17.668 [main] DEBUG nextflow.cli.CmdRun - 
  Version: 24.10.5 build 5935
  Created: 04-03-2025 17:55 UTC (12:55 EDT)
  System: Linux 6.1.14-100.fc36.x86_64
  Runtime: Groovy 4.0.23 on OpenJDK 64-Bit Server VM 11.0.19+7
  Encoding: UTF-8 (UTF-8)
  Process: 2225463@biomix51.dbi.local [172.25.2.152]
  CPUs: 4 - Mem: 31.2 GB (31.1 GB) - Swap: 0 (0)
Apr-01 00:47:17.712 [main] DEBUG nextflow.Session - Work-dir: /mnt/VEIL/users/nolanv/pipeline_project/VasilVEILPipeline/work [nfs]
Apr-01 00:47:17.713 [main] DEBUG nextflow.Session - Script base path does not exist or is not a directory: /mnt/VEIL/users/nolanv/pipeline_project/VasilVEILPipeline/bin
Apr-01 00:47:17.731 [main] DEBUG nextflow.executor.ExecutorFactory - Extension executors providers=[]
Apr-01 00:47:17.750 [main] DEBUG nextflow.Session - Observer factory: DefaultObserverFactory
Apr-01 00:47:17.784 [main] DEBUG nextflow.cache.CacheFactory - Using Nextflow cache factory: nextflow.cache.DefaultCacheFactory
Apr-01 00:47:17.797 [main] DEBUG nextflow.util.CustomThreadPool - Creating default thread pool > poolSize: 5; maxThreads: 1000
Apr-01 00:47:17.889 [main] DEBUG nextflow.Session - Session start
Apr-01 00:47:18.313 [main] DEBUG nextflow.script.ScriptRunner - > Launching execution
Apr-01 00:47:18.452 [main] DEBUG nextflow.executor.ExecutorFactory - << taskConfig executor: null
Apr-01 00:47:18.452 [main] DEBUG nextflow.executor.ExecutorFactory - >> processorType: 'local'
Apr-01 00:47:18.459 [main] DEBUG nextflow.executor.Executor - [warm up] executor > local
Apr-01 00:47:18.468 [main] DEBUG n.processor.LocalPollingMonitor - Creating local task monitor for executor 'local' > cpus=4; memory=31.2 GB; capacity=4; pollInterval=100ms; dumpInterval=5m
Apr-01 00:47:18.471 [main] DEBUG n.processor.TaskPollingMonitor - >>> barrier register (monitor: local)
Apr-01 00:47:18.571 [main] DEBUG nextflow.Session - Workflow process names [dsl2]: PHIDRA
Apr-01 00:47:18.572 [main] DEBUG nextflow.Session - Igniting dataflow network (2)
Apr-01 00:47:18.573 [main] DEBUG nextflow.processor.TaskProcessor - Starting process > PHIDRA
Apr-01 00:47:18.576 [main] DEBUG nextflow.script.ScriptRunner - Parsed script files:
  Script_d4dcfee1981efa8c: /mnt/VEIL/users/nolanv/pipeline_project/VasilVEILPipeline/main.nf
Apr-01 00:47:18.577 [main] DEBUG nextflow.script.ScriptRunner - > Awaiting termination 
Apr-01 00:47:18.577 [main] DEBUG nextflow.Session - Session await
Apr-01 00:47:18.940 [Task submitter] DEBUG n.executor.local.LocalTaskHandler - Launch cmd line: /bin/bash -ue .command.run
Apr-01 00:47:18.944 [Task submitter] INFO  nextflow.Session - [ad/b96fbd] Submitted process > PHIDRA (1)
